<?xml version="1.0" encoding="UTF-8"?>
<!-- Generated by org.testng.reporters.JUnitXMLReporter -->
<testsuite hostname="SBWL-NKANAMADI" ignored="0" name="AutomationTestCases" tests="6" failures="0" timestamp="25 Mar 2020 12:17:31 GMT" time="25.963" errors="0">
  <testcase name="Test01_launchPage" time="10.978" classname="testcases.TestNG_Demo"/>
  <testcase name="Test02_ApplyFilter" time="0.55" classname="testcases.TestNG_Demo"/>
  <testcase name="Test03_VerifyAppliedFilter" time="2.558" classname="testcases.TestNG_Demo"/>
  <testcase name="Test04_PriceDescendingOrder" time="0.574" classname="testcases.TestNG_Demo"/>
  <testcase name="Test05_filteredByRegistration" time="10.499" classname="testcases.TestNG_Demo"/>
  <testcase name="Test06_GetPrice" time="0.449" classname="testcases.TestNG_Demo"/>
</testsuite> <!-- AutomationTestCases -->
