<?xml version="1.0" encoding="UTF-8"?>
<!-- Generated by org.testng.reporters.JUnitXMLReporter -->
<testsuite hostname="SBWL-NKANAMADI" ignored="0" name="Default test" tests="6" failures="0" timestamp="26 Mar 2020 07:19:07 GMT" time="22.294" errors="0">
  <testcase name="Test01_launchPage" time="11.7" classname="testcases.TestNG_Demo"/>
  <testcase name="Test02_ApplyFilterFromYear" time="0.455" classname="testcases.TestNG_Demo"/>
  <testcase name="Test03_VerifyAppliedFilter" time="3.217" classname="testcases.TestNG_Demo"/>
  <testcase name="Test04_PriceDescendingOrder" time="0.634" classname="testcases.TestNG_Demo"/>
  <testcase name="Test05_VerifyCarFilteredByFirstRegistration" time="5.385" classname="testcases.TestNG_Demo"/>
  <testcase name="Test06_VerifyCarSortedByPriceDescending" time="0.385" classname="testcases.TestNG_Demo"/>
</testsuite> <!-- Default test -->
